2023-12-22 01:12:260 INFO  HomePage :53 - Enter Job Title[[ChromeDriver: chrome on windows (4e25352c258b5688637f2b8db22d3c8f)] -> id: keywords]
2023-12-22 01:12:343 INFO  HomePage :59 - Enter Location[[ChromeDriver: chrome on windows (4e25352c258b5688637f2b8db22d3c8f)] -> id: location]
2023-12-22 01:12:570 INFO  HomePage :64 - selectDistance[[ChromeDriver: chrome on windows (4e25352c258b5688637f2b8db22d3c8f)] -> xpath: //select[@id='distance']]
2023-12-22 01:12:61 INFO  HomePage :69 - Search Option[[ChromeDriver: chrome on windows (4e25352c258b5688637f2b8db22d3c8f)] -> id: toggle-hp-search]
2023-12-22 01:12:359 INFO  HomePage :74 - Min Salary[[ChromeDriver: chrome on windows (4e25352c258b5688637f2b8db22d3c8f)] -> id: salarymin]
2023-12-22 01:12:712 INFO  HomePage :79 - Max Salary[[ChromeDriver: chrome on windows (4e25352c258b5688637f2b8db22d3c8f)] -> id: salarymax]
2023-12-22 01:12:127 INFO  HomePage :84 - Type Of Salary[[ChromeDriver: chrome on windows (4e25352c258b5688637f2b8db22d3c8f)] -> id: salarytype]
2023-12-22 01:12:552 INFO  HomePage :89 - Job TypePermanent
2023-12-22 01:12:881 INFO  HomePage :95 - Job Button[[ChromeDriver: chrome on windows (4e25352c258b5688637f2b8db22d3c8f)] -> id: hp-search-btn]
2023-12-22 01:12:388 INFO  ResultPage :20 - ResultText [[ChromeDriver: chrome on windows (4e25352c258b5688637f2b8db22d3c8f)] -> xpath: //h1[@class='search-header__title']]
2023-12-22 01:12:707 INFO  HomePage :53 - Enter Job Title[[ChromeDriver: chrome on windows (99c5610671694205231cc4f32e21d88c)] -> id: keywords]
2023-12-22 01:12:298 INFO  HomePage :59 - Enter Location[[ChromeDriver: chrome on windows (99c5610671694205231cc4f32e21d88c)] -> id: location]
2023-12-22 01:12:872 INFO  HomePage :64 - selectDistance[[ChromeDriver: chrome on windows (99c5610671694205231cc4f32e21d88c)] -> xpath: //select[@id='distance']]
2023-12-22 01:12:570 INFO  HomePage :69 - Search Option[[ChromeDriver: chrome on windows (99c5610671694205231cc4f32e21d88c)] -> id: toggle-hp-search]
2023-12-22 01:12:354 INFO  HomePage :53 - Enter Job Title[[ChromeDriver: chrome on windows (00885980da2e801e69926a0047e8cb58)] -> id: keywords]
2023-12-22 01:12:716 INFO  HomePage :59 - Enter Location[[ChromeDriver: chrome on windows (00885980da2e801e69926a0047e8cb58)] -> id: location]
2023-12-22 01:12:162 INFO  HomePage :64 - selectDistance[[ChromeDriver: chrome on windows (00885980da2e801e69926a0047e8cb58)] -> xpath: //select[@id='distance']]
2023-12-22 01:12:812 INFO  HomePage :69 - Search Option[[ChromeDriver: chrome on windows (00885980da2e801e69926a0047e8cb58)] -> id: toggle-hp-search]
2023-12-22 01:12:945 INFO  HomePage :53 - Enter Job Title[[ChromeDriver: chrome on windows (7ec77951206b3eaeefd0b36e8d429469)] -> id: keywords]
2023-12-22 01:12:946 INFO  HomePage :59 - Enter Location[[ChromeDriver: chrome on windows (7ec77951206b3eaeefd0b36e8d429469)] -> id: location]
2023-12-22 01:12:180 INFO  HomePage :64 - selectDistance[[ChromeDriver: chrome on windows (7ec77951206b3eaeefd0b36e8d429469)] -> xpath: //select[@id='distance']]
2023-12-22 01:12:728 INFO  HomePage :69 - Search Option[[ChromeDriver: chrome on windows (7ec77951206b3eaeefd0b36e8d429469)] -> id: toggle-hp-search]
2023-12-22 01:12:965 INFO  HomePage :74 - Min Salary[[ChromeDriver: chrome on windows (7ec77951206b3eaeefd0b36e8d429469)] -> id: salarymin]
2023-12-22 01:12:201 INFO  HomePage :79 - Max Salary[[ChromeDriver: chrome on windows (7ec77951206b3eaeefd0b36e8d429469)] -> id: salarymax]
2023-12-22 01:12:543 INFO  HomePage :84 - Type Of Salary[[ChromeDriver: chrome on windows (7ec77951206b3eaeefd0b36e8d429469)] -> id: salarytype]
2023-12-22 01:12:986 INFO  HomePage :89 - Job TypePermanent
2023-12-22 01:12:404 INFO  HomePage :95 - Job Button[[ChromeDriver: chrome on windows (7ec77951206b3eaeefd0b36e8d429469)] -> id: hp-search-btn]
2023-12-22 01:12:299 INFO  ResultPage :20 - ResultText [[ChromeDriver: chrome on windows (7ec77951206b3eaeefd0b36e8d429469)] -> xpath: //h1[@class='search-header__title']]
2023-12-22 01:12:341 INFO  HomePage :53 - Enter Job Title[[ChromeDriver: chrome on windows (002386fab3fae0e5f3e908c42d977011)] -> id: keywords]
2023-12-22 01:12:745 INFO  HomePage :59 - Enter Location[[ChromeDriver: chrome on windows (002386fab3fae0e5f3e908c42d977011)] -> id: location]
2023-12-22 01:12:262 INFO  HomePage :64 - selectDistance[[ChromeDriver: chrome on windows (002386fab3fae0e5f3e908c42d977011)] -> xpath: //select[@id='distance']]
2023-12-22 01:12:708 INFO  HomePage :69 - Search Option[[ChromeDriver: chrome on windows (002386fab3fae0e5f3e908c42d977011)] -> id: toggle-hp-search]
2023-12-22 01:12:677 INFO  HomePage :53 - Enter Job Title[[ChromeDriver: chrome on windows (32a1ea325df6c2000c69ad96e22e8299)] -> id: keywords]
2023-12-22 01:12:184 INFO  HomePage :59 - Enter Location[[ChromeDriver: chrome on windows (32a1ea325df6c2000c69ad96e22e8299)] -> id: location]
2023-12-22 01:12:616 INFO  HomePage :64 - selectDistance[[ChromeDriver: chrome on windows (32a1ea325df6c2000c69ad96e22e8299)] -> xpath: //select[@id='distance']]
2023-12-22 01:12:52 INFO  HomePage :69 - Search Option[[ChromeDriver: chrome on windows (32a1ea325df6c2000c69ad96e22e8299)] -> id: toggle-hp-search]
2023-12-22 01:12:540 INFO  HomePage :53 - Enter Job Title[[ChromeDriver: chrome on windows (64f27db0641484b6b9b1ebce0c7c0d97)] -> id: keywords]
2023-12-22 01:12:765 INFO  HomePage :59 - Enter Location[[ChromeDriver: chrome on windows (64f27db0641484b6b9b1ebce0c7c0d97)] -> id: location]
2023-12-22 01:12:955 INFO  HomePage :64 - selectDistance[[ChromeDriver: chrome on windows (64f27db0641484b6b9b1ebce0c7c0d97)] -> xpath: //select[@id='distance']]
2023-12-22 01:12:243 INFO  HomePage :69 - Search Option[[ChromeDriver: chrome on windows (64f27db0641484b6b9b1ebce0c7c0d97)] -> id: toggle-hp-search]
2023-12-22 01:12:113 INFO  HomePage :53 - Enter Job Title[[ChromeDriver: chrome on windows (e9ed3e4d6c6cc948f1c52ce033d99d99)] -> id: keywords]
2023-12-22 01:12:461 INFO  HomePage :59 - Enter Location[[ChromeDriver: chrome on windows (e9ed3e4d6c6cc948f1c52ce033d99d99)] -> id: location]
2023-12-22 01:12:904 INFO  HomePage :64 - selectDistance[[ChromeDriver: chrome on windows (e9ed3e4d6c6cc948f1c52ce033d99d99)] -> xpath: //select[@id='distance']]
2023-12-22 01:12:393 INFO  HomePage :69 - Search Option[[ChromeDriver: chrome on windows (e9ed3e4d6c6cc948f1c52ce033d99d99)] -> id: toggle-hp-search]
2023-12-22 01:12:926 INFO  HomePage :53 - Enter Job Title[[ChromeDriver: chrome on windows (78f773adf40e1288015bc97df538c94b)] -> id: keywords]
2023-12-22 01:12:407 INFO  HomePage :59 - Enter Location[[ChromeDriver: chrome on windows (78f773adf40e1288015bc97df538c94b)] -> id: location]
2023-12-22 01:12:57 INFO  HomePage :64 - selectDistance[[ChromeDriver: chrome on windows (78f773adf40e1288015bc97df538c94b)] -> xpath: //select[@id='distance']]
2023-12-22 01:12:553 INFO  HomePage :69 - Search Option[[ChromeDriver: chrome on windows (78f773adf40e1288015bc97df538c94b)] -> id: toggle-hp-search]
2023-12-22 01:12:899 INFO  HomePage :74 - Min Salary[[ChromeDriver: chrome on windows (78f773adf40e1288015bc97df538c94b)] -> id: salarymin]
2023-12-22 01:12:199 INFO  HomePage :79 - Max Salary[[ChromeDriver: chrome on windows (78f773adf40e1288015bc97df538c94b)] -> id: salarymax]
2023-12-22 01:12:597 INFO  HomePage :84 - Type Of Salary[[ChromeDriver: chrome on windows (78f773adf40e1288015bc97df538c94b)] -> id: salarytype]
2023-12-22 01:12:937 INFO  HomePage :89 - Job TypeTemporaray
2023-12-22 01:12:299 INFO  HomePage :53 - Enter Job Title[[ChromeDriver: chrome on windows (6b42bf7b22de96e4e11b30cad1b748b5)] -> id: keywords]
2023-12-22 01:12:849 INFO  HomePage :59 - Enter Location[[ChromeDriver: chrome on windows (6b42bf7b22de96e4e11b30cad1b748b5)] -> id: location]
2023-12-22 01:12:190 INFO  HomePage :64 - selectDistance[[ChromeDriver: chrome on windows (6b42bf7b22de96e4e11b30cad1b748b5)] -> xpath: //select[@id='distance']]
2023-12-22 01:12:633 INFO  HomePage :69 - Search Option[[ChromeDriver: chrome on windows (6b42bf7b22de96e4e11b30cad1b748b5)] -> id: toggle-hp-search]
2023-12-22 01:12:898 INFO  HomePage :53 - Enter Job Title[[ChromeDriver: chrome on windows (f931e5431f11315a5a497aba0a4565a6)] -> id: keywords]
2023-12-22 01:12:586 INFO  HomePage :59 - Enter Location[[ChromeDriver: chrome on windows (f931e5431f11315a5a497aba0a4565a6)] -> id: location]
2023-12-22 01:12:03 INFO  HomePage :64 - selectDistance[[ChromeDriver: chrome on windows (f931e5431f11315a5a497aba0a4565a6)] -> xpath: //select[@id='distance']]
2023-12-22 01:12:489 INFO  HomePage :69 - Search Option[[ChromeDriver: chrome on windows (f931e5431f11315a5a497aba0a4565a6)] -> id: toggle-hp-search]
2023-12-22 01:12:810 INFO  HomePage :74 - Min Salary[[ChromeDriver: chrome on windows (f931e5431f11315a5a497aba0a4565a6)] -> id: salarymin]
2023-12-22 01:12:249 INFO  HomePage :79 - Max Salary[[ChromeDriver: chrome on windows (f931e5431f11315a5a497aba0a4565a6)] -> id: salarymax]
2023-12-22 01:12:737 INFO  HomePage :84 - Type Of Salary[[ChromeDriver: chrome on windows (f931e5431f11315a5a497aba0a4565a6)] -> id: salarytype]
2023-12-22 01:12:62 INFO  HomePage :89 - Job TypePart Time
2023-12-22 01:12:468 INFO  HomePage :95 - Job Button[[ChromeDriver: chrome on windows (f931e5431f11315a5a497aba0a4565a6)] -> id: hp-search-btn]
2023-12-22 01:12:733 INFO  HomePage :53 - Enter Job Title[[ChromeDriver: chrome on windows (a33511c046dfdea3f452e8372a844969)] -> id: keywords]
2023-12-22 01:12:932 INFO  HomePage :59 - Enter Location[[ChromeDriver: chrome on windows (a33511c046dfdea3f452e8372a844969)] -> id: location]
2023-12-22 01:12:405 INFO  HomePage :64 - selectDistance[[ChromeDriver: chrome on windows (a33511c046dfdea3f452e8372a844969)] -> xpath: //select[@id='distance']]
2023-12-22 01:12:807 INFO  HomePage :69 - Search Option[[ChromeDriver: chrome on windows (a33511c046dfdea3f452e8372a844969)] -> id: toggle-hp-search]
2023-12-22 01:12:153 INFO  HomePage :74 - Min Salary[[ChromeDriver: chrome on windows (a33511c046dfdea3f452e8372a844969)] -> id: salarymin]
2023-12-22 01:12:482 INFO  HomePage :79 - Max Salary[[ChromeDriver: chrome on windows (a33511c046dfdea3f452e8372a844969)] -> id: salarymax]
2023-12-22 01:12:821 INFO  HomePage :84 - Type Of Salary[[ChromeDriver: chrome on windows (a33511c046dfdea3f452e8372a844969)] -> id: salarytype]
2023-12-22 01:12:225 INFO  HomePage :89 - Job TypePermanent
2023-12-22 01:12:567 INFO  HomePage :95 - Job Button[[ChromeDriver: chrome on windows (a33511c046dfdea3f452e8372a844969)] -> id: hp-search-btn]
2023-12-22 01:12:340 INFO  HomePage :53 - Enter Job Title[[ChromeDriver: chrome on windows (c00c335ba42995a949016c8fe3dc100d)] -> id: keywords]
2023-12-22 01:12:797 INFO  HomePage :59 - Enter Location[[ChromeDriver: chrome on windows (c00c335ba42995a949016c8fe3dc100d)] -> id: location]
2023-12-22 01:12:349 INFO  HomePage :64 - selectDistance[[ChromeDriver: chrome on windows (c00c335ba42995a949016c8fe3dc100d)] -> xpath: //select[@id='distance']]
2023-12-22 01:12:870 INFO  HomePage :69 - Search Option[[ChromeDriver: chrome on windows (c00c335ba42995a949016c8fe3dc100d)] -> id: toggle-hp-search]
2023-12-22 01:12:229 INFO  HomePage :74 - Min Salary[[ChromeDriver: chrome on windows (c00c335ba42995a949016c8fe3dc100d)] -> id: salarymin]
2023-12-22 01:12:503 INFO  HomePage :79 - Max Salary[[ChromeDriver: chrome on windows (c00c335ba42995a949016c8fe3dc100d)] -> id: salarymax]
2023-12-22 01:12:765 INFO  HomePage :84 - Type Of Salary[[ChromeDriver: chrome on windows (c00c335ba42995a949016c8fe3dc100d)] -> id: salarytype]
2023-12-22 01:12:93 INFO  HomePage :89 - Job TypePermanent
2023-12-22 01:12:574 INFO  HomePage :95 - Job Button[[ChromeDriver: chrome on windows (c00c335ba42995a949016c8fe3dc100d)] -> id: hp-search-btn]
2023-12-22 01:12:295 INFO  HomePage :53 - Enter Job Title[[ChromeDriver: chrome on windows (2be1afb423bc2b9922ae6fea3fec8303)] -> id: keywords]
2023-12-22 01:12:785 INFO  HomePage :59 - Enter Location[[ChromeDriver: chrome on windows (2be1afb423bc2b9922ae6fea3fec8303)] -> id: location]
2023-12-22 01:12:100 INFO  HomePage :64 - selectDistance[[ChromeDriver: chrome on windows (2be1afb423bc2b9922ae6fea3fec8303)] -> xpath: //select[@id='distance']]
2023-12-22 01:12:626 INFO  HomePage :69 - Search Option[[ChromeDriver: chrome on windows (2be1afb423bc2b9922ae6fea3fec8303)] -> id: toggle-hp-search]
2023-12-22 01:12:599 INFO  HomePage :53 - Enter Job Title[[ChromeDriver: chrome on windows (7cf3ab19c0990da04cbdbfe3cca73902)] -> id: keywords]
2023-12-22 01:12:154 INFO  HomePage :59 - Enter Location[[ChromeDriver: chrome on windows (7cf3ab19c0990da04cbdbfe3cca73902)] -> id: location]
2023-12-22 01:12:522 INFO  HomePage :64 - selectDistance[[ChromeDriver: chrome on windows (7cf3ab19c0990da04cbdbfe3cca73902)] -> xpath: //select[@id='distance']]
2023-12-22 01:12:18 INFO  HomePage :69 - Search Option[[ChromeDriver: chrome on windows (7cf3ab19c0990da04cbdbfe3cca73902)] -> id: toggle-hp-search]
2023-12-22 01:12:415 INFO  HomePage :53 - Enter Job Title[[ChromeDriver: chrome on windows (4c519f2c3b8e6ae7a7e72a50071fc492)] -> id: keywords]
2023-12-22 01:12:782 INFO  HomePage :59 - Enter Location[[ChromeDriver: chrome on windows (4c519f2c3b8e6ae7a7e72a50071fc492)] -> id: location]
2023-12-22 01:12:261 INFO  HomePage :64 - selectDistance[[ChromeDriver: chrome on windows (4c519f2c3b8e6ae7a7e72a50071fc492)] -> xpath: //select[@id='distance']]
2023-12-22 01:12:801 INFO  HomePage :69 - Search Option[[ChromeDriver: chrome on windows (4c519f2c3b8e6ae7a7e72a50071fc492)] -> id: toggle-hp-search]
2023-12-22 01:12:716 INFO  HomePage :53 - Enter Job Title[[ChromeDriver: chrome on windows (c873e203e7f15c7d592426ee37b27025)] -> id: keywords]
2023-12-22 01:12:265 INFO  HomePage :59 - Enter Location[[ChromeDriver: chrome on windows (c873e203e7f15c7d592426ee37b27025)] -> id: location]
2023-12-22 01:12:642 INFO  HomePage :64 - selectDistance[[ChromeDriver: chrome on windows (c873e203e7f15c7d592426ee37b27025)] -> xpath: //select[@id='distance']]
2023-12-22 01:12:88 INFO  HomePage :69 - Search Option[[ChromeDriver: chrome on windows (c873e203e7f15c7d592426ee37b27025)] -> id: toggle-hp-search]
2023-12-22 01:12:887 INFO  HomePage :53 - Enter Job Title[[ChromeDriver: chrome on windows (eb462cca7bdaaff9077e7a2f682c8bb2)] -> id: keywords]
2023-12-22 01:12:271 INFO  HomePage :59 - Enter Location[[ChromeDriver: chrome on windows (eb462cca7bdaaff9077e7a2f682c8bb2)] -> id: location]
2023-12-22 01:12:660 INFO  HomePage :64 - selectDistance[[ChromeDriver: chrome on windows (eb462cca7bdaaff9077e7a2f682c8bb2)] -> xpath: //select[@id='distance']]
2023-12-22 01:12:131 INFO  HomePage :69 - Search Option[[ChromeDriver: chrome on windows (eb462cca7bdaaff9077e7a2f682c8bb2)] -> id: toggle-hp-search]
2023-12-22 01:12:973 INFO  HomePage :53 - Enter Job Title[[ChromeDriver: chrome on windows (bbb2852cc60af930d9cc7fea7d4a7df0)] -> id: keywords]
2023-12-22 01:12:302 INFO  HomePage :59 - Enter Location[[ChromeDriver: chrome on windows (bbb2852cc60af930d9cc7fea7d4a7df0)] -> id: location]
2023-12-22 01:12:611 INFO  HomePage :64 - selectDistance[[ChromeDriver: chrome on windows (bbb2852cc60af930d9cc7fea7d4a7df0)] -> xpath: //select[@id='distance']]
2023-12-22 01:12:183 INFO  HomePage :69 - Search Option[[ChromeDriver: chrome on windows (bbb2852cc60af930d9cc7fea7d4a7df0)] -> id: toggle-hp-search]
2023-12-22 01:12:873 INFO  HomePage :53 - Enter Job Title[[ChromeDriver: chrome on windows (1ed9b9ab2d71b9cc663d5b171d362e12)] -> id: keywords]
2023-12-22 01:12:299 INFO  HomePage :59 - Enter Location[[ChromeDriver: chrome on windows (1ed9b9ab2d71b9cc663d5b171d362e12)] -> id: location]
2023-12-22 01:12:729 INFO  HomePage :64 - selectDistance[[ChromeDriver: chrome on windows (1ed9b9ab2d71b9cc663d5b171d362e12)] -> xpath: //select[@id='distance']]
2023-12-22 01:12:377 INFO  HomePage :69 - Search Option[[ChromeDriver: chrome on windows (1ed9b9ab2d71b9cc663d5b171d362e12)] -> id: toggle-hp-search]
2023-12-22 01:12:744 INFO  HomePage :74 - Min Salary[[ChromeDriver: chrome on windows (1ed9b9ab2d71b9cc663d5b171d362e12)] -> id: salarymin]
2023-12-22 01:12:95 INFO  HomePage :79 - Max Salary[[ChromeDriver: chrome on windows (1ed9b9ab2d71b9cc663d5b171d362e12)] -> id: salarymax]
2023-12-22 01:12:490 INFO  HomePage :84 - Type Of Salary[[ChromeDriver: chrome on windows (1ed9b9ab2d71b9cc663d5b171d362e12)] -> id: salarytype]
2023-12-22 01:12:784 INFO  HomePage :89 - Job TypePermanent
2023-12-22 01:12:252 INFO  HomePage :95 - Job Button[[ChromeDriver: chrome on windows (1ed9b9ab2d71b9cc663d5b171d362e12)] -> id: hp-search-btn]
2023-12-22 01:12:92 INFO  HomePage :53 - Enter Job Title[[ChromeDriver: chrome on windows (8c05b326eede201a58f9481f3d83abe9)] -> id: keywords]
2023-12-22 01:12:514 INFO  HomePage :59 - Enter Location[[ChromeDriver: chrome on windows (8c05b326eede201a58f9481f3d83abe9)] -> id: location]
2023-12-22 01:12:679 INFO  HomePage :64 - selectDistance[[ChromeDriver: chrome on windows (8c05b326eede201a58f9481f3d83abe9)] -> xpath: //select[@id='distance']]
2023-12-22 01:12:92 INFO  HomePage :69 - Search Option[[ChromeDriver: chrome on windows (8c05b326eede201a58f9481f3d83abe9)] -> id: toggle-hp-search]
2023-12-22 01:12:616 INFO  HomePage :53 - Enter Job Title[[ChromeDriver: chrome on windows (077ab19f70648774ae1479de2e0f8326)] -> id: keywords]
2023-12-22 01:12:888 INFO  HomePage :59 - Enter Location[[ChromeDriver: chrome on windows (077ab19f70648774ae1479de2e0f8326)] -> id: location]
2023-12-22 01:12:997 INFO  HomePage :64 - selectDistance[[ChromeDriver: chrome on windows (077ab19f70648774ae1479de2e0f8326)] -> xpath: //select[@id='distance']]
2023-12-22 01:12:155 INFO  HomePage :69 - Search Option[[ChromeDriver: chrome on windows (077ab19f70648774ae1479de2e0f8326)] -> id: toggle-hp-search]
2023-12-22 01:12:899 INFO  HomePage :53 - Enter Job Title[[ChromeDriver: chrome on windows (25ae3a485b895dcbf7370b765d9db18f)] -> id: keywords]
2023-12-22 01:12:227 INFO  HomePage :59 - Enter Location[[ChromeDriver: chrome on windows (25ae3a485b895dcbf7370b765d9db18f)] -> id: location]
2023-12-22 01:12:588 INFO  HomePage :64 - selectDistance[[ChromeDriver: chrome on windows (25ae3a485b895dcbf7370b765d9db18f)] -> xpath: //select[@id='distance']]
2023-12-22 01:12:912 INFO  HomePage :69 - Search Option[[ChromeDriver: chrome on windows (25ae3a485b895dcbf7370b765d9db18f)] -> id: toggle-hp-search]
2023-12-22 01:12:459 INFO  HomePage :53 - Enter Job Title[[ChromeDriver: chrome on windows (21c7cc8052606a5d793ff0d663aa2e1c)] -> id: keywords]
2023-12-22 01:12:938 INFO  HomePage :59 - Enter Location[[ChromeDriver: chrome on windows (21c7cc8052606a5d793ff0d663aa2e1c)] -> id: location]
2023-12-22 01:12:290 INFO  HomePage :64 - selectDistance[[ChromeDriver: chrome on windows (21c7cc8052606a5d793ff0d663aa2e1c)] -> xpath: //select[@id='distance']]
2023-12-22 01:12:749 INFO  HomePage :69 - Search Option[[ChromeDriver: chrome on windows (21c7cc8052606a5d793ff0d663aa2e1c)] -> id: toggle-hp-search]
2023-12-22 01:12:630 INFO  HomePage :53 - Enter Job Title[[ChromeDriver: chrome on windows (aab40b31ff45237764a117dcfdfd4b0c)] -> id: keywords]
2023-12-22 01:12:911 INFO  HomePage :59 - Enter Location[[ChromeDriver: chrome on windows (aab40b31ff45237764a117dcfdfd4b0c)] -> id: location]
2023-12-22 01:12:143 INFO  HomePage :64 - selectDistance[[ChromeDriver: chrome on windows (aab40b31ff45237764a117dcfdfd4b0c)] -> xpath: //select[@id='distance']]
2023-12-22 01:12:441 INFO  HomePage :69 - Search Option[[ChromeDriver: chrome on windows (aab40b31ff45237764a117dcfdfd4b0c)] -> id: toggle-hp-search]
2023-12-22 01:12:487 INFO  HomePage :53 - Enter Job Title[[ChromeDriver: chrome on windows (c712d53b1ab0b4959a45ada02aad3270)] -> id: keywords]
2023-12-22 01:12:635 INFO  HomePage :59 - Enter Location[[ChromeDriver: chrome on windows (c712d53b1ab0b4959a45ada02aad3270)] -> id: location]
2023-12-22 01:12:795 INFO  HomePage :64 - selectDistance[[ChromeDriver: chrome on windows (c712d53b1ab0b4959a45ada02aad3270)] -> xpath: //select[@id='distance']]
2023-12-22 01:12:960 INFO  HomePage :69 - Search Option[[ChromeDriver: chrome on windows (c712d53b1ab0b4959a45ada02aad3270)] -> id: toggle-hp-search]
2023-12-22 01:12:291 INFO  HomePage :53 - Enter Job Title[[ChromeDriver: chrome on windows (73ca72d798daecfee82ce6d8140c610c)] -> id: keywords]
2023-12-22 01:12:603 INFO  HomePage :59 - Enter Location[[ChromeDriver: chrome on windows (73ca72d798daecfee82ce6d8140c610c)] -> id: location]
2023-12-22 01:12:760 INFO  HomePage :64 - selectDistance[[ChromeDriver: chrome on windows (73ca72d798daecfee82ce6d8140c610c)] -> xpath: //select[@id='distance']]
2023-12-22 01:12:932 INFO  HomePage :69 - Search Option[[ChromeDriver: chrome on windows (73ca72d798daecfee82ce6d8140c610c)] -> id: toggle-hp-search]
